<?xml version="1.0" encoding="UTF-8"?>
<!-- Generated by org.testng.reporters.JUnitXMLReporter -->
<testsuite ignored="0" hostname="DESKTOP-7BULRO4" failures="0" tests="3" name="Surefire test" time="61.212" errors="0" timestamp="2026-03-15T17:46:42 IST">
  <testcase classname="tests.FlightBookingTest" name="bookFlightExcel" time="12.895"/>
  <testcase classname="tests.FlightBookingTest" name="bookFlightCSV" time="12.262"/>
  <testcase classname="tests.FlightBookingTest" name="bookFlightDB" time="11.882"/>
</testsuite> <!-- Surefire test -->
