<?xml version="1.0" encoding="UTF-8"?>
<!-- Generated by org.testng.reporters.JUnitXMLReporter -->
<testsuite ignored="0" hostname="DESKTOP-7BULRO4" failures="0" tests="3" name="Default test" time="41.596" errors="0" timestamp="2026-03-06T16:04:33 IST">
  <testcase classname="tests.FlightBookingTest" name="bookFlightTest" time="9.859"/>
  <testcase classname="tests.FlightBookingTest" name="bookFlightTest" time="9.323"/>
  <testcase classname="tests.FlightBookingTest" name="bookFlightTest" time="9.494"/>
</testsuite> <!-- Default test -->
