<?xml version="1.0" encoding="UTF-8"?>
<testng-results ignored="0" total="3" passed="3" failed="0" skipped="0">
  <reporter-output>
  </reporter-output>
  <suite started-at="2026-03-15T17:45:41 IST" name="Surefire suite" finished-at="2026-03-15T17:46:42 IST" duration-ms="61212">
    <groups>
    </groups>
    <test started-at="2026-03-15T17:45:41 IST" name="Surefire test" finished-at="2026-03-15T17:46:42 IST" duration-ms="61212">
      <class name="tests.FlightBookingTest">
        <test-method is-config="true" signature="setup(java.lang.String)[pri:0, instance:tests.FlightBookingTest@5e8f9e2d]" started-at="2026-03-15T17:45:41 IST" name="setup" finished-at="2026-03-15T17:45:52 IST" duration-ms="10291" status="PASS">
          <params>
            <param index="0">
              <value>
                <![CDATA[firefox]]>
              </value>
            </param>
          </params>
          <reporter-output>
          </reporter-output>
        </test-method> <!-- setup -->
        <test-method signature="bookFlightExcel(java.lang.String,java.lang.String,java.lang.String,java.lang.String,java.lang.String,java.lang.String,java.lang.String)[pri:1, instance:tests.FlightBookingTest@5e8f9e2d]" started-at="2026-03-15T17:45:52 IST" name="bookFlightExcel" data-provider="excelData" finished-at="2026-03-15T17:46:05 IST" duration-ms="12895" status="PASS">
          <params>
            <param index="0">
              <value>
                <![CDATA[Vinaya ]]>
              </value>
            </param>
            <param index="1">
              <value>
                <![CDATA[45 Green Park Road]]>
              </value>
            </param>
            <param index="2">
              <value>
                <![CDATA[Hyderabad]]>
              </value>
            </param>
            <param index="3">
              <value>
                <![CDATA[Telangana]]>
              </value>
            </param>
            <param index="4">
              <value>
                <![CDATA[500081]]>
              </value>
            </param>
            <param index="5">
              <value>
                <![CDATA[4539578763621486]]>
              </value>
            </param>
            <param index="6">
              <value>
                <![CDATA[Vinaya]]>
              </value>
            </param>
          </params>
          <reporter-output>
          </reporter-output>
        </test-method> <!-- bookFlightExcel -->
        <test-method is-config="true" signature="tearDown()[pri:0, instance:tests.FlightBookingTest@5e8f9e2d]" started-at="2026-03-15T17:46:05 IST" name="tearDown" finished-at="2026-03-15T17:46:06 IST" duration-ms="1078" status="PASS">
          <reporter-output>
          </reporter-output>
        </test-method> <!-- tearDown -->
        <test-method is-config="true" signature="setup(java.lang.String)[pri:0, instance:tests.FlightBookingTest@5e8f9e2d]" started-at="2026-03-15T17:46:06 IST" name="setup" finished-at="2026-03-15T17:46:11 IST" duration-ms="4862" status="PASS">
          <params>
            <param index="0">
              <value>
                <![CDATA[firefox]]>
              </value>
            </param>
          </params>
          <reporter-output>
          </reporter-output>
        </test-method> <!-- setup -->
        <test-method signature="bookFlightCSV(java.lang.String,java.lang.String,java.lang.String,java.lang.String,java.lang.String,java.lang.String,java.lang.String)[pri:2, instance:tests.FlightBookingTest@5e8f9e2d]" started-at="2026-03-15T17:46:11 IST" name="bookFlightCSV" data-provider="csvData" finished-at="2026-03-15T17:46:23 IST" duration-ms="12262" status="PASS">
          <params>
            <param index="0">
              <value>
                <![CDATA[Ananya Sharma]]>
              </value>
            </param>
            <param index="1">
              <value>
                <![CDATA[102 Lake View Street]]>
              </value>
            </param>
            <param index="2">
              <value>
                <![CDATA[Bangalore]]>
              </value>
            </param>
            <param index="3">
              <value>
                <![CDATA[Karnataka]]>
              </value>
            </param>
            <param index="4">
              <value>
                <![CDATA[560034]]>
              </value>
            </param>
            <param index="5">
              <value>
                <![CDATA[4716347184862961]]>
              </value>
            </param>
            <param index="6">
              <value>
                <![CDATA[Ananya]]>
              </value>
            </param>
          </params>
          <reporter-output>
          </reporter-output>
        </test-method> <!-- bookFlightCSV -->
        <test-method is-config="true" signature="tearDown()[pri:0, instance:tests.FlightBookingTest@5e8f9e2d]" started-at="2026-03-15T17:46:23 IST" name="tearDown" finished-at="2026-03-15T17:46:24 IST" duration-ms="1009" status="PASS">
          <reporter-output>
          </reporter-output>
        </test-method> <!-- tearDown -->
        <test-method is-config="true" signature="setup(java.lang.String)[pri:0, instance:tests.FlightBookingTest@5e8f9e2d]" started-at="2026-03-15T17:46:24 IST" name="setup" finished-at="2026-03-15T17:46:29 IST" duration-ms="4651" status="PASS">
          <params>
            <param index="0">
              <value>
                <![CDATA[firefox]]>
              </value>
            </param>
          </params>
          <reporter-output>
          </reporter-output>
        </test-method> <!-- setup -->
        <test-method signature="bookFlightDB(java.lang.String,java.lang.String,java.lang.String,java.lang.String,java.lang.String,java.lang.String,java.lang.String)[pri:3, instance:tests.FlightBookingTest@5e8f9e2d]" started-at="2026-03-15T17:46:29 IST" name="bookFlightDB" data-provider="dbData" finished-at="2026-03-15T17:46:41 IST" duration-ms="11882" status="PASS">
          <params>
            <param index="0">
              <value>
                <![CDATA[Rahul]]>
              </value>
            </param>
            <param index="1">
              <value>
                <![CDATA[78 Jubilee Hills Road]]>
              </value>
            </param>
            <param index="2">
              <value>
                <![CDATA[Hyderabad]]>
              </value>
            </param>
            <param index="3">
              <value>
                <![CDATA[Telangana]]>
              </value>
            </param>
            <param index="4">
              <value>
                <![CDATA[500033]]>
              </value>
            </param>
            <param index="5">
              <value>
                <![CDATA[4485275742308327]]>
              </value>
            </param>
            <param index="6">
              <value>
                <![CDATA[Rahul]]>
              </value>
            </param>
          </params>
          <reporter-output>
          </reporter-output>
        </test-method> <!-- bookFlightDB -->
        <test-method is-config="true" signature="tearDown()[pri:0, instance:tests.FlightBookingTest@5e8f9e2d]" started-at="2026-03-15T17:46:41 IST" name="tearDown" finished-at="2026-03-15T17:46:42 IST" duration-ms="1211" status="PASS">
          <reporter-output>
          </reporter-output>
        </test-method> <!-- tearDown -->
        <test-method is-config="true" signature="flushReport()[pri:0, instance:tests.FlightBookingTest@5e8f9e2d]" started-at="2026-03-15T17:46:42 IST" name="flushReport" finished-at="2026-03-15T17:46:42 IST" duration-ms="284" status="PASS">
          <reporter-output>
          </reporter-output>
        </test-method> <!-- flushReport -->
      </class> <!-- tests.FlightBookingTest -->
    </test> <!-- Surefire test -->
  </suite> <!-- Surefire suite -->
</testng-results>
