<?xml version="1.0" encoding="UTF-8"?>
<testsuite xmlns:xsi="http://www.w3.org/2001/XMLSchema-instance" xsi:noNamespaceSchemaLocation="https://maven.apache.org/surefire/maven-surefire-plugin/xsd/surefire-test-report-3.0.xsd" version="3.0" name="tests.FlightBookingTest" time="63.138" tests="3" errors="0" skipped="0" failures="0">
  <properties>
[...]
</properties>
  <testcase name="bookFlightExcel[Vinaya , 45 Green Park Road, Hyderabad, Telangana, 500081, 4539578763621486, Vinaya](1)" classname="tests.FlightBookingTest" time="12.899">
    <system-out><![CDATA[2026-03-15 17:45:41 INFO  BaseClass:21 - Launching browser
2026-03-15 17:45:50 INFO  BaseClass:63 - Browser launched successfully: firefox
2026-03-15 17:45:52 INFO  BaseClass:65 - Application launched
2026-03-15 17:45:52 INFO  FlightBookingTest:60 - Running test : Excel Test
2026-03-15 17:45:52 INFO  HomePage:22 - Verifying Home Page is loaded
2026-03-15 17:45:52 INFO  HomePage:24 - Home Page loaded successfully
2026-03-15 17:45:53 INFO  HomePage:28 - Selecting departure city from dropdown
2026-03-15 17:45:54 INFO  HomePage:31 - Departure city selected: Mexico City
2026-03-15 17:45:54 INFO  HomePage:32 - Selecting destination city from dropdown
2026-03-15 17:45:54 INFO  HomePage:36 - Destination city selected: London
2026-03-15 17:45:54 INFO  HomePage:37 - Clicking Find Flights button
2026-03-15 17:45:56 INFO  FlightBookingTest:66 - Flights searched
2026-03-15 17:45:58 INFO  FlightsPage:23 - Selecting available flight from flights list
2026-03-15 17:45:58 INFO  FlightsPage:25 - Flight selected successfully
2026-03-15 17:46:00 INFO  FlightBookingTest:74 - Flight selected
2026-03-15 17:46:01 INFO  PurchasePage:32 - Entering passenger name: Vinaya 
2026-03-15 17:46:01 INFO  PurchasePage:35 - Entering address: 45 Green Park Road
2026-03-15 17:46:01 INFO  PurchasePage:38 - Entering city: Hyderabad
2026-03-15 17:46:02 INFO  PurchasePage:41 - Entering state: Telangana
2026-03-15 17:46:02 INFO  PurchasePage:46 - Entering zip code: 500081
2026-03-15 17:46:02 INFO  PurchasePage:49 - Entering credit card number
2026-03-15 17:46:02 INFO  PurchasePage:52 - Entering name on card: Vinaya
2026-03-15 17:46:02 INFO  PurchasePage:55 - Clicking Purchase Flight button
2026-03-15 17:46:05 INFO  FlightBookingTest:82 - Passenger details entered
2026-03-15 17:46:05 INFO  ConfirmationPage:19 - Fetching confirmation message from confirmation page- msg received
2026-03-15 17:46:05 INFO  FlightBookingTest:88 - Flight booking successful
]]></system-out>
    <system-err><![CDATA[SLF4J(W): No SLF4J providers were found.
SLF4J(W): Defaulting to no-operation (NOP) logger implementation
SLF4J(W): See https://www.slf4j.org/codes.html#noProviders for further details.
]]></system-err>
  </testcase>
  <testcase name="bookFlightCSV[Ananya Sharma, 102 Lake View Street, Bangalore, Karnataka, 560034, 4716347184862961, Ananya](1)" classname="tests.FlightBookingTest" time="12.262">
    <system-out><![CDATA[2026-03-15 17:46:05 INFO  BaseClass:89 - Closing browser
2026-03-15 17:46:06 INFO  BaseClass:21 - Launching browser
2026-03-15 17:46:09 INFO  BaseClass:63 - Browser launched successfully: firefox
2026-03-15 17:46:11 INFO  BaseClass:65 - Application launched
2026-03-15 17:46:11 INFO  FlightBookingTest:60 - Running test : CSV Test
2026-03-15 17:46:11 INFO  HomePage:22 - Verifying Home Page is loaded
2026-03-15 17:46:11 INFO  HomePage:24 - Home Page loaded successfully
2026-03-15 17:46:12 INFO  HomePage:28 - Selecting departure city from dropdown
2026-03-15 17:46:12 INFO  HomePage:31 - Departure city selected: Mexico City
2026-03-15 17:46:12 INFO  HomePage:32 - Selecting destination city from dropdown
2026-03-15 17:46:12 INFO  HomePage:36 - Destination city selected: London
2026-03-15 17:46:12 INFO  HomePage:37 - Clicking Find Flights button
2026-03-15 17:46:14 INFO  FlightBookingTest:66 - Flights searched
2026-03-15 17:46:16 INFO  FlightsPage:23 - Selecting available flight from flights list
2026-03-15 17:46:17 INFO  FlightsPage:25 - Flight selected successfully
2026-03-15 17:46:18 INFO  FlightBookingTest:74 - Flight selected
2026-03-15 17:46:20 INFO  PurchasePage:32 - Entering passenger name: Ananya Sharma
2026-03-15 17:46:20 INFO  PurchasePage:35 - Entering address: 102 Lake View Street
2026-03-15 17:46:20 INFO  PurchasePage:38 - Entering city: Bangalore
2026-03-15 17:46:20 INFO  PurchasePage:41 - Entering state: Karnataka
2026-03-15 17:46:20 INFO  PurchasePage:46 - Entering zip code: 560034
2026-03-15 17:46:20 INFO  PurchasePage:49 - Entering credit card number
2026-03-15 17:46:20 INFO  PurchasePage:52 - Entering name on card: Ananya
2026-03-15 17:46:21 INFO  PurchasePage:55 - Clicking Purchase Flight button
2026-03-15 17:46:23 INFO  FlightBookingTest:82 - Passenger details entered
2026-03-15 17:46:23 INFO  ConfirmationPage:19 - Fetching confirmation message from confirmation page- msg received
2026-03-15 17:46:23 INFO  FlightBookingTest:88 - Flight booking successful
]]></system-out>
  </testcase>
  <testcase name="bookFlightDB[Rahul, 78 Jubilee Hills Road, Hyderabad, Telangana, 500033, 4485275742308327, Rahul](1)" classname="tests.FlightBookingTest" time="11.883">
    <system-out><![CDATA[2026-03-15 17:46:23 INFO  BaseClass:89 - Closing browser
2026-03-15 17:46:24 INFO  BaseClass:21 - Launching browser
2026-03-15 17:46:28 INFO  BaseClass:63 - Browser launched successfully: firefox
2026-03-15 17:46:29 INFO  BaseClass:65 - Application launched
2026-03-15 17:46:29 INFO  FlightBookingTest:60 - Running test : Database Test
2026-03-15 17:46:29 INFO  HomePage:22 - Verifying Home Page is loaded
2026-03-15 17:46:29 INFO  HomePage:24 - Home Page loaded successfully
2026-03-15 17:46:30 INFO  HomePage:28 - Selecting departure city from dropdown
2026-03-15 17:46:30 INFO  HomePage:31 - Departure city selected: Mexico City
2026-03-15 17:46:30 INFO  HomePage:32 - Selecting destination city from dropdown
2026-03-15 17:46:31 INFO  HomePage:36 - Destination city selected: London
2026-03-15 17:46:31 INFO  HomePage:37 - Clicking Find Flights button
2026-03-15 17:46:33 INFO  FlightBookingTest:66 - Flights searched
2026-03-15 17:46:34 INFO  FlightsPage:23 - Selecting available flight from flights list
2026-03-15 17:46:35 INFO  FlightsPage:25 - Flight selected successfully
2026-03-15 17:46:36 INFO  FlightBookingTest:74 - Flight selected
2026-03-15 17:46:38 INFO  PurchasePage:32 - Entering passenger name: Rahul
2026-03-15 17:46:38 INFO  PurchasePage:35 - Entering address: 78 Jubilee Hills Road
2026-03-15 17:46:38 INFO  PurchasePage:38 - Entering city: Hyderabad
2026-03-15 17:46:38 INFO  PurchasePage:41 - Entering state: Telangana
2026-03-15 17:46:38 INFO  PurchasePage:46 - Entering zip code: 500033
2026-03-15 17:46:38 INFO  PurchasePage:49 - Entering credit card number
2026-03-15 17:46:39 INFO  PurchasePage:52 - Entering name on card: Rahul
2026-03-15 17:46:39 INFO  PurchasePage:55 - Clicking Purchase Flight button
2026-03-15 17:46:41 INFO  FlightBookingTest:82 - Passenger details entered
2026-03-15 17:46:41 INFO  ConfirmationPage:19 - Fetching confirmation message from confirmation page- msg received
2026-03-15 17:46:41 INFO  FlightBookingTest:88 - Flight booking successful
]]></system-out>
  </testcase>
</testsuite>