<?xml version="1.0" encoding="UTF-8"?>
<testng-results ignored="0" total="9" passed="9" failed="0" skipped="0">
  <reporter-output>
  </reporter-output>
  <suite started-at="2026-03-10T10:33:21 IST" name="CrossBrowserSuite" finished-at="2026-03-10T10:36:25 IST" duration-ms="183919">
    <groups>
    </groups>
    <test started-at="2026-03-10T10:33:21 IST" name="ChromeTest" finished-at="2026-03-10T10:34:13 IST" duration-ms="52255">
      <class name="tests.FlightBookingTest">
        <test-method is-config="true" signature="setup(java.lang.String)[pri:0, instance:tests.FlightBookingTest@4cc547a]" started-at="2026-03-10T10:33:22 IST" name="setup" finished-at="2026-03-10T10:33:26 IST" duration-ms="4570" status="PASS">
          <params>
            <param index="0">
              <value>
                <![CDATA[chrome]]>
              </value>
            </param>
          </params>
          <reporter-output>
          </reporter-output>
        </test-method> <!-- setup -->
        <test-method signature="bookFlightTest(java.lang.String,java.lang.String,java.lang.String,java.lang.String,java.lang.String,java.lang.String,java.lang.String)[pri:0, instance:tests.FlightBookingTest@4cc547a]" started-at="2026-03-10T10:33:26 IST" name="bookFlightTest" data-provider="flightData" finished-at="2026-03-10T10:33:38 IST" duration-ms="11385" status="PASS">
          <params>
            <param index="0">
              <value>
                <![CDATA[Vinaya ]]>
              </value>
            </param>
            <param index="1">
              <value>
                <![CDATA[45 Green Park Road]]>
              </value>
            </param>
            <param index="2">
              <value>
                <![CDATA[Hyderabad]]>
              </value>
            </param>
            <param index="3">
              <value>
                <![CDATA[Telangana]]>
              </value>
            </param>
            <param index="4">
              <value>
                <![CDATA[500081]]>
              </value>
            </param>
            <param index="5">
              <value>
                <![CDATA[4539578763621486]]>
              </value>
            </param>
            <param index="6">
              <value>
                <![CDATA[Vinaya]]>
              </value>
            </param>
          </params>
          <reporter-output>
          </reporter-output>
        </test-method> <!-- bookFlightTest -->
        <test-method is-config="true" signature="tearDown()[pri:0, instance:tests.FlightBookingTest@4cc547a]" started-at="2026-03-10T10:33:38 IST" name="tearDown" finished-at="2026-03-10T10:33:40 IST" duration-ms="2628" status="PASS">
          <reporter-output>
          </reporter-output>
        </test-method> <!-- tearDown -->
        <test-method is-config="true" signature="setup(java.lang.String)[pri:0, instance:tests.FlightBookingTest@4cc547a]" started-at="2026-03-10T10:33:40 IST" name="setup" finished-at="2026-03-10T10:33:45 IST" duration-ms="4409" status="PASS">
          <params>
            <param index="0">
              <value>
                <![CDATA[chrome]]>
              </value>
            </param>
          </params>
          <reporter-output>
          </reporter-output>
        </test-method> <!-- setup -->
        <test-method signature="bookFlightTest(java.lang.String,java.lang.String,java.lang.String,java.lang.String,java.lang.String,java.lang.String,java.lang.String)[pri:0, instance:tests.FlightBookingTest@4cc547a]" started-at="2026-03-10T10:33:45 IST" name="bookFlightTest" data-provider="flightData" finished-at="2026-03-10T10:33:57 IST" duration-ms="12179" status="PASS">
          <params>
            <param index="0">
              <value>
                <![CDATA[Ananya Sharma]]>
              </value>
            </param>
            <param index="1">
              <value>
                <![CDATA[102 Lake View Street]]>
              </value>
            </param>
            <param index="2">
              <value>
                <![CDATA[Bangalore]]>
              </value>
            </param>
            <param index="3">
              <value>
                <![CDATA[Karnataka]]>
              </value>
            </param>
            <param index="4">
              <value>
                <![CDATA[560034]]>
              </value>
            </param>
            <param index="5">
              <value>
                <![CDATA[4716347184862961]]>
              </value>
            </param>
            <param index="6">
              <value>
                <![CDATA[Ananya]]>
              </value>
            </param>
          </params>
          <reporter-output>
          </reporter-output>
        </test-method> <!-- bookFlightTest -->
        <test-method is-config="true" signature="tearDown()[pri:0, instance:tests.FlightBookingTest@4cc547a]" started-at="2026-03-10T10:33:57 IST" name="tearDown" finished-at="2026-03-10T10:33:58 IST" duration-ms="476" status="PASS">
          <reporter-output>
          </reporter-output>
        </test-method> <!-- tearDown -->
        <test-method is-config="true" signature="setup(java.lang.String)[pri:0, instance:tests.FlightBookingTest@4cc547a]" started-at="2026-03-10T10:33:58 IST" name="setup" finished-at="2026-03-10T10:34:01 IST" duration-ms="3352" status="PASS">
          <params>
            <param index="0">
              <value>
                <![CDATA[chrome]]>
              </value>
            </param>
          </params>
          <reporter-output>
          </reporter-output>
        </test-method> <!-- setup -->
        <test-method signature="bookFlightTest(java.lang.String,java.lang.String,java.lang.String,java.lang.String,java.lang.String,java.lang.String,java.lang.String)[pri:0, instance:tests.FlightBookingTest@4cc547a]" started-at="2026-03-10T10:34:01 IST" name="bookFlightTest" data-provider="flightData" finished-at="2026-03-10T10:34:12 IST" duration-ms="11394" status="PASS">
          <params>
            <param index="0">
              <value>
                <![CDATA[Rahul Reddy]]>
              </value>
            </param>
            <param index="1">
              <value>
                <![CDATA[78 Jubilee Hills Main Road]]>
              </value>
            </param>
            <param index="2">
              <value>
                <![CDATA[Hyderabad]]>
              </value>
            </param>
            <param index="3">
              <value>
                <![CDATA[Telangana]]>
              </value>
            </param>
            <param index="4">
              <value>
                <![CDATA[500033]]>
              </value>
            </param>
            <param index="5">
              <value>
                <![CDATA[4485275742308327]]>
              </value>
            </param>
            <param index="6">
              <value>
                <![CDATA[Rahul]]>
              </value>
            </param>
          </params>
          <reporter-output>
          </reporter-output>
        </test-method> <!-- bookFlightTest -->
        <test-method is-config="true" signature="tearDown()[pri:0, instance:tests.FlightBookingTest@4cc547a]" started-at="2026-03-10T10:34:12 IST" name="tearDown" finished-at="2026-03-10T10:34:13 IST" duration-ms="678" status="PASS">
          <reporter-output>
          </reporter-output>
        </test-method> <!-- tearDown -->
      </class> <!-- tests.FlightBookingTest -->
    </test> <!-- ChromeTest -->
    <test started-at="2026-03-10T10:34:13 IST" name="EdgeTest" finished-at="2026-03-10T10:35:06 IST" duration-ms="53172">
      <class name="tests.FlightBookingTest">
        <test-method is-config="true" signature="setup(java.lang.String)[pri:0, instance:tests.FlightBookingTest@3a4b0e5d]" started-at="2026-03-10T10:34:13 IST" name="setup" finished-at="2026-03-10T10:34:18 IST" duration-ms="4467" status="PASS">
          <params>
            <param index="0">
              <value>
                <![CDATA[edge]]>
              </value>
            </param>
          </params>
          <reporter-output>
          </reporter-output>
        </test-method> <!-- setup -->
        <test-method signature="bookFlightTest(java.lang.String,java.lang.String,java.lang.String,java.lang.String,java.lang.String,java.lang.String,java.lang.String)[pri:0, instance:tests.FlightBookingTest@3a4b0e5d]" started-at="2026-03-10T10:34:18 IST" name="bookFlightTest" data-provider="flightData" finished-at="2026-03-10T10:34:31 IST" duration-ms="12991" status="PASS">
          <params>
            <param index="0">
              <value>
                <![CDATA[Vinaya ]]>
              </value>
            </param>
            <param index="1">
              <value>
                <![CDATA[45 Green Park Road]]>
              </value>
            </param>
            <param index="2">
              <value>
                <![CDATA[Hyderabad]]>
              </value>
            </param>
            <param index="3">
              <value>
                <![CDATA[Telangana]]>
              </value>
            </param>
            <param index="4">
              <value>
                <![CDATA[500081]]>
              </value>
            </param>
            <param index="5">
              <value>
                <![CDATA[4539578763621486]]>
              </value>
            </param>
            <param index="6">
              <value>
                <![CDATA[Vinaya]]>
              </value>
            </param>
          </params>
          <reporter-output>
          </reporter-output>
        </test-method> <!-- bookFlightTest -->
        <test-method is-config="true" signature="tearDown()[pri:0, instance:tests.FlightBookingTest@3a4b0e5d]" started-at="2026-03-10T10:34:31 IST" name="tearDown" finished-at="2026-03-10T10:34:31 IST" duration-ms="768" status="PASS">
          <reporter-output>
          </reporter-output>
        </test-method> <!-- tearDown -->
        <test-method is-config="true" signature="setup(java.lang.String)[pri:0, instance:tests.FlightBookingTest@3a4b0e5d]" started-at="2026-03-10T10:34:31 IST" name="setup" finished-at="2026-03-10T10:34:35 IST" duration-ms="3148" status="PASS">
          <params>
            <param index="0">
              <value>
                <![CDATA[edge]]>
              </value>
            </param>
          </params>
          <reporter-output>
          </reporter-output>
        </test-method> <!-- setup -->
        <test-method signature="bookFlightTest(java.lang.String,java.lang.String,java.lang.String,java.lang.String,java.lang.String,java.lang.String,java.lang.String)[pri:0, instance:tests.FlightBookingTest@3a4b0e5d]" started-at="2026-03-10T10:34:35 IST" name="bookFlightTest" data-provider="flightData" finished-at="2026-03-10T10:34:46 IST" duration-ms="11243" status="PASS">
          <params>
            <param index="0">
              <value>
                <![CDATA[Ananya Sharma]]>
              </value>
            </param>
            <param index="1">
              <value>
                <![CDATA[102 Lake View Street]]>
              </value>
            </param>
            <param index="2">
              <value>
                <![CDATA[Bangalore]]>
              </value>
            </param>
            <param index="3">
              <value>
                <![CDATA[Karnataka]]>
              </value>
            </param>
            <param index="4">
              <value>
                <![CDATA[560034]]>
              </value>
            </param>
            <param index="5">
              <value>
                <![CDATA[4716347184862961]]>
              </value>
            </param>
            <param index="6">
              <value>
                <![CDATA[Ananya]]>
              </value>
            </param>
          </params>
          <reporter-output>
          </reporter-output>
        </test-method> <!-- bookFlightTest -->
        <test-method is-config="true" signature="tearDown()[pri:0, instance:tests.FlightBookingTest@3a4b0e5d]" started-at="2026-03-10T10:34:46 IST" name="tearDown" finished-at="2026-03-10T10:34:47 IST" duration-ms="1449" status="PASS">
          <reporter-output>
          </reporter-output>
        </test-method> <!-- tearDown -->
        <test-method is-config="true" signature="setup(java.lang.String)[pri:0, instance:tests.FlightBookingTest@3a4b0e5d]" started-at="2026-03-10T10:34:47 IST" name="setup" finished-at="2026-03-10T10:34:52 IST" duration-ms="4568" status="PASS">
          <params>
            <param index="0">
              <value>
                <![CDATA[edge]]>
              </value>
            </param>
          </params>
          <reporter-output>
          </reporter-output>
        </test-method> <!-- setup -->
        <test-method signature="bookFlightTest(java.lang.String,java.lang.String,java.lang.String,java.lang.String,java.lang.String,java.lang.String,java.lang.String)[pri:0, instance:tests.FlightBookingTest@3a4b0e5d]" started-at="2026-03-10T10:34:52 IST" name="bookFlightTest" data-provider="flightData" finished-at="2026-03-10T10:35:05 IST" duration-ms="13390" status="PASS">
          <params>
            <param index="0">
              <value>
                <![CDATA[Rahul Reddy]]>
              </value>
            </param>
            <param index="1">
              <value>
                <![CDATA[78 Jubilee Hills Main Road]]>
              </value>
            </param>
            <param index="2">
              <value>
                <![CDATA[Hyderabad]]>
              </value>
            </param>
            <param index="3">
              <value>
                <![CDATA[Telangana]]>
              </value>
            </param>
            <param index="4">
              <value>
                <![CDATA[500033]]>
              </value>
            </param>
            <param index="5">
              <value>
                <![CDATA[4485275742308327]]>
              </value>
            </param>
            <param index="6">
              <value>
                <![CDATA[Rahul]]>
              </value>
            </param>
          </params>
          <reporter-output>
          </reporter-output>
        </test-method> <!-- bookFlightTest -->
        <test-method is-config="true" signature="tearDown()[pri:0, instance:tests.FlightBookingTest@3a4b0e5d]" started-at="2026-03-10T10:35:05 IST" name="tearDown" finished-at="2026-03-10T10:35:06 IST" duration-ms="1044" status="PASS">
          <reporter-output>
          </reporter-output>
        </test-method> <!-- tearDown -->
      </class> <!-- tests.FlightBookingTest -->
    </test> <!-- EdgeTest -->
    <test started-at="2026-03-10T10:35:06 IST" name="FirefoxTest" finished-at="2026-03-10T10:36:25 IST" duration-ms="78393">
      <class name="tests.FlightBookingTest">
        <test-method is-config="true" signature="setup(java.lang.String)[pri:0, instance:tests.FlightBookingTest@3d3f761a]" started-at="2026-03-10T10:35:06 IST" name="setup" finished-at="2026-03-10T10:35:22 IST" duration-ms="15332" status="PASS">
          <params>
            <param index="0">
              <value>
                <![CDATA[firefox]]>
              </value>
            </param>
          </params>
          <reporter-output>
          </reporter-output>
        </test-method> <!-- setup -->
        <test-method signature="bookFlightTest(java.lang.String,java.lang.String,java.lang.String,java.lang.String,java.lang.String,java.lang.String,java.lang.String)[pri:0, instance:tests.FlightBookingTest@3d3f761a]" started-at="2026-03-10T10:35:22 IST" name="bookFlightTest" data-provider="flightData" finished-at="2026-03-10T10:35:32 IST" duration-ms="10420" status="PASS">
          <params>
            <param index="0">
              <value>
                <![CDATA[Vinaya ]]>
              </value>
            </param>
            <param index="1">
              <value>
                <![CDATA[45 Green Park Road]]>
              </value>
            </param>
            <param index="2">
              <value>
                <![CDATA[Hyderabad]]>
              </value>
            </param>
            <param index="3">
              <value>
                <![CDATA[Telangana]]>
              </value>
            </param>
            <param index="4">
              <value>
                <![CDATA[500081]]>
              </value>
            </param>
            <param index="5">
              <value>
                <![CDATA[4539578763621486]]>
              </value>
            </param>
            <param index="6">
              <value>
                <![CDATA[Vinaya]]>
              </value>
            </param>
          </params>
          <reporter-output>
          </reporter-output>
        </test-method> <!-- bookFlightTest -->
        <test-method is-config="true" signature="tearDown()[pri:0, instance:tests.FlightBookingTest@3d3f761a]" started-at="2026-03-10T10:35:32 IST" name="tearDown" finished-at="2026-03-10T10:35:35 IST" duration-ms="2596" status="PASS">
          <reporter-output>
          </reporter-output>
        </test-method> <!-- tearDown -->
        <test-method is-config="true" signature="setup(java.lang.String)[pri:0, instance:tests.FlightBookingTest@3d3f761a]" started-at="2026-03-10T10:35:35 IST" name="setup" finished-at="2026-03-10T10:35:44 IST" duration-ms="9308" status="PASS">
          <params>
            <param index="0">
              <value>
                <![CDATA[firefox]]>
              </value>
            </param>
          </params>
          <reporter-output>
          </reporter-output>
        </test-method> <!-- setup -->
        <test-method signature="bookFlightTest(java.lang.String,java.lang.String,java.lang.String,java.lang.String,java.lang.String,java.lang.String,java.lang.String)[pri:0, instance:tests.FlightBookingTest@3d3f761a]" started-at="2026-03-10T10:35:44 IST" name="bookFlightTest" data-provider="flightData" finished-at="2026-03-10T10:35:56 IST" duration-ms="11814" status="PASS">
          <params>
            <param index="0">
              <value>
                <![CDATA[Ananya Sharma]]>
              </value>
            </param>
            <param index="1">
              <value>
                <![CDATA[102 Lake View Street]]>
              </value>
            </param>
            <param index="2">
              <value>
                <![CDATA[Bangalore]]>
              </value>
            </param>
            <param index="3">
              <value>
                <![CDATA[Karnataka]]>
              </value>
            </param>
            <param index="4">
              <value>
                <![CDATA[560034]]>
              </value>
            </param>
            <param index="5">
              <value>
                <![CDATA[4716347184862961]]>
              </value>
            </param>
            <param index="6">
              <value>
                <![CDATA[Ananya]]>
              </value>
            </param>
          </params>
          <reporter-output>
          </reporter-output>
        </test-method> <!-- bookFlightTest -->
        <test-method is-config="true" signature="tearDown()[pri:0, instance:tests.FlightBookingTest@3d3f761a]" started-at="2026-03-10T10:35:56 IST" name="tearDown" finished-at="2026-03-10T10:35:59 IST" duration-ms="2947" status="PASS">
          <reporter-output>
          </reporter-output>
        </test-method> <!-- tearDown -->
        <test-method is-config="true" signature="setup(java.lang.String)[pri:0, instance:tests.FlightBookingTest@3d3f761a]" started-at="2026-03-10T10:35:59 IST" name="setup" finished-at="2026-03-10T10:36:13 IST" duration-ms="13629" status="PASS">
          <params>
            <param index="0">
              <value>
                <![CDATA[firefox]]>
              </value>
            </param>
          </params>
          <reporter-output>
          </reporter-output>
        </test-method> <!-- setup -->
        <test-method signature="bookFlightTest(java.lang.String,java.lang.String,java.lang.String,java.lang.String,java.lang.String,java.lang.String,java.lang.String)[pri:0, instance:tests.FlightBookingTest@3d3f761a]" started-at="2026-03-10T10:36:13 IST" name="bookFlightTest" data-provider="flightData" finished-at="2026-03-10T10:36:22 IST" duration-ms="9482" status="PASS">
          <params>
            <param index="0">
              <value>
                <![CDATA[Rahul Reddy]]>
              </value>
            </param>
            <param index="1">
              <value>
                <![CDATA[78 Jubilee Hills Main Road]]>
              </value>
            </param>
            <param index="2">
              <value>
                <![CDATA[Hyderabad]]>
              </value>
            </param>
            <param index="3">
              <value>
                <![CDATA[Telangana]]>
              </value>
            </param>
            <param index="4">
              <value>
                <![CDATA[500033]]>
              </value>
            </param>
            <param index="5">
              <value>
                <![CDATA[4485275742308327]]>
              </value>
            </param>
            <param index="6">
              <value>
                <![CDATA[Rahul]]>
              </value>
            </param>
          </params>
          <reporter-output>
          </reporter-output>
        </test-method> <!-- bookFlightTest -->
        <test-method is-config="true" signature="tearDown()[pri:0, instance:tests.FlightBookingTest@3d3f761a]" started-at="2026-03-10T10:36:22 IST" name="tearDown" finished-at="2026-03-10T10:36:25 IST" duration-ms="2623" status="PASS">
          <reporter-output>
          </reporter-output>
        </test-method> <!-- tearDown -->
        <test-method is-config="true" signature="flushReport()[pri:0, instance:tests.FlightBookingTest@3d3f761a]" started-at="2026-03-10T10:36:25 IST" name="flushReport" finished-at="2026-03-10T10:36:25 IST" duration-ms="586" status="PASS">
          <reporter-output>
          </reporter-output>
        </test-method> <!-- flushReport -->
      </class> <!-- tests.FlightBookingTest -->
    </test> <!-- FirefoxTest -->
  </suite> <!-- CrossBrowserSuite -->
</testng-results>
