<?xml version="1.0" encoding="UTF-8"?>
<testng-results ignored="0" total="9" passed="9" failed="0" skipped="0">
  <reporter-output>
  </reporter-output>
  <suite started-at="2026-03-17T09:29:00 IST" name="CrossBrowserSuite" finished-at="2026-03-17T09:31:33 IST" duration-ms="152910">
    <groups>
    </groups>
    <test started-at="2026-03-17T09:29:00 IST" name="ChromeTest" finished-at="2026-03-17T09:29:49 IST" duration-ms="49364">
      <class name="tests.FlightBookingTest">
        <test-method is-config="true" signature="setup(java.lang.String)[pri:0, instance:tests.FlightBookingTest@3f093abe]" started-at="2026-03-17T09:29:01 IST" name="setup" finished-at="2026-03-17T09:29:06 IST" duration-ms="5153" status="PASS">
          <params>
            <param index="0">
              <value>
                <![CDATA[chrome]]>
              </value>
            </param>
          </params>
          <reporter-output>
          </reporter-output>
        </test-method> <!-- setup -->
        <test-method signature="bookFlightExcel(java.lang.String,java.lang.String,java.lang.String,java.lang.String,java.lang.String,java.lang.String,java.lang.String)[pri:1, instance:tests.FlightBookingTest@3f093abe]" started-at="2026-03-17T09:29:06 IST" name="bookFlightExcel" data-provider="excelData" finished-at="2026-03-17T09:29:19 IST" duration-ms="12387" status="PASS">
          <params>
            <param index="0">
              <value>
                <![CDATA[Vinaya ]]>
              </value>
            </param>
            <param index="1">
              <value>
                <![CDATA[45 Green Park Road]]>
              </value>
            </param>
            <param index="2">
              <value>
                <![CDATA[Hyderabad]]>
              </value>
            </param>
            <param index="3">
              <value>
                <![CDATA[Telangana]]>
              </value>
            </param>
            <param index="4">
              <value>
                <![CDATA[500081]]>
              </value>
            </param>
            <param index="5">
              <value>
                <![CDATA[4539578763621486]]>
              </value>
            </param>
            <param index="6">
              <value>
                <![CDATA[Vinaya]]>
              </value>
            </param>
          </params>
          <reporter-output>
          </reporter-output>
        </test-method> <!-- bookFlightExcel -->
        <test-method is-config="true" signature="tearDown()[pri:0, instance:tests.FlightBookingTest@3f093abe]" started-at="2026-03-17T09:29:19 IST" name="tearDown" finished-at="2026-03-17T09:29:19 IST" duration-ms="260" status="PASS">
          <reporter-output>
          </reporter-output>
        </test-method> <!-- tearDown -->
        <test-method is-config="true" signature="setup(java.lang.String)[pri:0, instance:tests.FlightBookingTest@3f093abe]" started-at="2026-03-17T09:29:19 IST" name="setup" finished-at="2026-03-17T09:29:21 IST" duration-ms="2528" status="PASS">
          <params>
            <param index="0">
              <value>
                <![CDATA[chrome]]>
              </value>
            </param>
          </params>
          <reporter-output>
          </reporter-output>
        </test-method> <!-- setup -->
        <test-method signature="bookFlightCSV(java.lang.String,java.lang.String,java.lang.String,java.lang.String,java.lang.String,java.lang.String,java.lang.String)[pri:2, instance:tests.FlightBookingTest@3f093abe]" started-at="2026-03-17T09:29:21 IST" name="bookFlightCSV" data-provider="csvData" finished-at="2026-03-17T09:29:33 IST" duration-ms="12178" status="PASS">
          <params>
            <param index="0">
              <value>
                <![CDATA[Ananya Sharma]]>
              </value>
            </param>
            <param index="1">
              <value>
                <![CDATA[102 Lake View Street]]>
              </value>
            </param>
            <param index="2">
              <value>
                <![CDATA[Bangalore]]>
              </value>
            </param>
            <param index="3">
              <value>
                <![CDATA[Karnataka]]>
              </value>
            </param>
            <param index="4">
              <value>
                <![CDATA[560034]]>
              </value>
            </param>
            <param index="5">
              <value>
                <![CDATA[4716347184862961]]>
              </value>
            </param>
            <param index="6">
              <value>
                <![CDATA[Ananya]]>
              </value>
            </param>
          </params>
          <reporter-output>
          </reporter-output>
        </test-method> <!-- bookFlightCSV -->
        <test-method is-config="true" signature="tearDown()[pri:0, instance:tests.FlightBookingTest@3f093abe]" started-at="2026-03-17T09:29:33 IST" name="tearDown" finished-at="2026-03-17T09:29:34 IST" duration-ms="238" status="PASS">
          <reporter-output>
          </reporter-output>
        </test-method> <!-- tearDown -->
        <test-method is-config="true" signature="setup(java.lang.String)[pri:0, instance:tests.FlightBookingTest@3f093abe]" started-at="2026-03-17T09:29:34 IST" name="setup" finished-at="2026-03-17T09:29:36 IST" duration-ms="2415" status="PASS">
          <params>
            <param index="0">
              <value>
                <![CDATA[chrome]]>
              </value>
            </param>
          </params>
          <reporter-output>
          </reporter-output>
        </test-method> <!-- setup -->
        <test-method signature="bookFlightDB(java.lang.String,java.lang.String,java.lang.String,java.lang.String,java.lang.String,java.lang.String,java.lang.String)[pri:3, instance:tests.FlightBookingTest@3f093abe]" started-at="2026-03-17T09:29:36 IST" name="bookFlightDB" data-provider="dbData" finished-at="2026-03-17T09:29:49 IST" duration-ms="12285" status="PASS">
          <params>
            <param index="0">
              <value>
                <![CDATA[Rahul]]>
              </value>
            </param>
            <param index="1">
              <value>
                <![CDATA[78 Jubilee Hills Road]]>
              </value>
            </param>
            <param index="2">
              <value>
                <![CDATA[Hyderabad]]>
              </value>
            </param>
            <param index="3">
              <value>
                <![CDATA[Telangana]]>
              </value>
            </param>
            <param index="4">
              <value>
                <![CDATA[500033]]>
              </value>
            </param>
            <param index="5">
              <value>
                <![CDATA[4485275742308327]]>
              </value>
            </param>
            <param index="6">
              <value>
                <![CDATA[Rahul]]>
              </value>
            </param>
          </params>
          <reporter-output>
          </reporter-output>
        </test-method> <!-- bookFlightDB -->
        <test-method is-config="true" signature="tearDown()[pri:0, instance:tests.FlightBookingTest@3f093abe]" started-at="2026-03-17T09:29:49 IST" name="tearDown" finished-at="2026-03-17T09:29:49 IST" duration-ms="414" status="PASS">
          <reporter-output>
          </reporter-output>
        </test-method> <!-- tearDown -->
      </class> <!-- tests.FlightBookingTest -->
    </test> <!-- ChromeTest -->
    <test started-at="2026-03-17T09:29:49 IST" name="EdgeTest" finished-at="2026-03-17T09:30:36 IST" duration-ms="47245">
      <class name="tests.FlightBookingTest">
        <test-method is-config="true" signature="setup(java.lang.String)[pri:0, instance:tests.FlightBookingTest@21362712]" started-at="2026-03-17T09:29:49 IST" name="setup" finished-at="2026-03-17T09:29:52 IST" duration-ms="3034" status="PASS">
          <params>
            <param index="0">
              <value>
                <![CDATA[edge]]>
              </value>
            </param>
          </params>
          <reporter-output>
          </reporter-output>
        </test-method> <!-- setup -->
        <test-method signature="bookFlightExcel(java.lang.String,java.lang.String,java.lang.String,java.lang.String,java.lang.String,java.lang.String,java.lang.String)[pri:1, instance:tests.FlightBookingTest@21362712]" started-at="2026-03-17T09:29:52 IST" name="bookFlightExcel" data-provider="excelData" finished-at="2026-03-17T09:30:05 IST" duration-ms="12442" status="PASS">
          <params>
            <param index="0">
              <value>
                <![CDATA[Vinaya ]]>
              </value>
            </param>
            <param index="1">
              <value>
                <![CDATA[45 Green Park Road]]>
              </value>
            </param>
            <param index="2">
              <value>
                <![CDATA[Hyderabad]]>
              </value>
            </param>
            <param index="3">
              <value>
                <![CDATA[Telangana]]>
              </value>
            </param>
            <param index="4">
              <value>
                <![CDATA[500081]]>
              </value>
            </param>
            <param index="5">
              <value>
                <![CDATA[4539578763621486]]>
              </value>
            </param>
            <param index="6">
              <value>
                <![CDATA[Vinaya]]>
              </value>
            </param>
          </params>
          <reporter-output>
          </reporter-output>
        </test-method> <!-- bookFlightExcel -->
        <test-method is-config="true" signature="tearDown()[pri:0, instance:tests.FlightBookingTest@21362712]" started-at="2026-03-17T09:30:05 IST" name="tearDown" finished-at="2026-03-17T09:30:05 IST" duration-ms="287" status="PASS">
          <reporter-output>
          </reporter-output>
        </test-method> <!-- tearDown -->
        <test-method is-config="true" signature="setup(java.lang.String)[pri:0, instance:tests.FlightBookingTest@21362712]" started-at="2026-03-17T09:30:05 IST" name="setup" finished-at="2026-03-17T09:30:08 IST" duration-ms="2620" status="PASS">
          <params>
            <param index="0">
              <value>
                <![CDATA[edge]]>
              </value>
            </param>
          </params>
          <reporter-output>
          </reporter-output>
        </test-method> <!-- setup -->
        <test-method signature="bookFlightCSV(java.lang.String,java.lang.String,java.lang.String,java.lang.String,java.lang.String,java.lang.String,java.lang.String)[pri:2, instance:tests.FlightBookingTest@21362712]" started-at="2026-03-17T09:30:08 IST" name="bookFlightCSV" data-provider="csvData" finished-at="2026-03-17T09:30:20 IST" duration-ms="12133" status="PASS">
          <params>
            <param index="0">
              <value>
                <![CDATA[Ananya Sharma]]>
              </value>
            </param>
            <param index="1">
              <value>
                <![CDATA[102 Lake View Street]]>
              </value>
            </param>
            <param index="2">
              <value>
                <![CDATA[Bangalore]]>
              </value>
            </param>
            <param index="3">
              <value>
                <![CDATA[Karnataka]]>
              </value>
            </param>
            <param index="4">
              <value>
                <![CDATA[560034]]>
              </value>
            </param>
            <param index="5">
              <value>
                <![CDATA[4716347184862961]]>
              </value>
            </param>
            <param index="6">
              <value>
                <![CDATA[Ananya]]>
              </value>
            </param>
          </params>
          <reporter-output>
          </reporter-output>
        </test-method> <!-- bookFlightCSV -->
        <test-method is-config="true" signature="tearDown()[pri:0, instance:tests.FlightBookingTest@21362712]" started-at="2026-03-17T09:30:20 IST" name="tearDown" finished-at="2026-03-17T09:30:20 IST" duration-ms="436" status="PASS">
          <reporter-output>
          </reporter-output>
        </test-method> <!-- tearDown -->
        <test-method is-config="true" signature="setup(java.lang.String)[pri:0, instance:tests.FlightBookingTest@21362712]" started-at="2026-03-17T09:30:20 IST" name="setup" finished-at="2026-03-17T09:30:24 IST" duration-ms="3751" status="PASS">
          <params>
            <param index="0">
              <value>
                <![CDATA[edge]]>
              </value>
            </param>
          </params>
          <reporter-output>
          </reporter-output>
        </test-method> <!-- setup -->
        <test-method signature="bookFlightDB(java.lang.String,java.lang.String,java.lang.String,java.lang.String,java.lang.String,java.lang.String,java.lang.String)[pri:3, instance:tests.FlightBookingTest@21362712]" started-at="2026-03-17T09:30:24 IST" name="bookFlightDB" data-provider="dbData" finished-at="2026-03-17T09:30:36 IST" duration-ms="12119" status="PASS">
          <params>
            <param index="0">
              <value>
                <![CDATA[Rahul]]>
              </value>
            </param>
            <param index="1">
              <value>
                <![CDATA[78 Jubilee Hills Road]]>
              </value>
            </param>
            <param index="2">
              <value>
                <![CDATA[Hyderabad]]>
              </value>
            </param>
            <param index="3">
              <value>
                <![CDATA[Telangana]]>
              </value>
            </param>
            <param index="4">
              <value>
                <![CDATA[500033]]>
              </value>
            </param>
            <param index="5">
              <value>
                <![CDATA[4485275742308327]]>
              </value>
            </param>
            <param index="6">
              <value>
                <![CDATA[Rahul]]>
              </value>
            </param>
          </params>
          <reporter-output>
          </reporter-output>
        </test-method> <!-- bookFlightDB -->
        <test-method is-config="true" signature="tearDown()[pri:0, instance:tests.FlightBookingTest@21362712]" started-at="2026-03-17T09:30:36 IST" name="tearDown" finished-at="2026-03-17T09:30:36 IST" duration-ms="315" status="PASS">
          <reporter-output>
          </reporter-output>
        </test-method> <!-- tearDown -->
      </class> <!-- tests.FlightBookingTest -->
    </test> <!-- EdgeTest -->
    <test started-at="2026-03-17T09:30:36 IST" name="FirefoxTest" finished-at="2026-03-17T09:31:33 IST" duration-ms="56259">
      <class name="tests.FlightBookingTest">
        <test-method is-config="true" signature="setup(java.lang.String)[pri:0, instance:tests.FlightBookingTest@bc57b40]" started-at="2026-03-17T09:30:36 IST" name="setup" finished-at="2026-03-17T09:30:44 IST" duration-ms="7658" status="PASS">
          <params>
            <param index="0">
              <value>
                <![CDATA[firefox]]>
              </value>
            </param>
          </params>
          <reporter-output>
          </reporter-output>
        </test-method> <!-- setup -->
        <test-method signature="bookFlightExcel(java.lang.String,java.lang.String,java.lang.String,java.lang.String,java.lang.String,java.lang.String,java.lang.String)[pri:1, instance:tests.FlightBookingTest@bc57b40]" started-at="2026-03-17T09:30:44 IST" name="bookFlightExcel" data-provider="excelData" finished-at="2026-03-17T09:30:55 IST" duration-ms="11338" status="PASS">
          <params>
            <param index="0">
              <value>
                <![CDATA[Vinaya ]]>
              </value>
            </param>
            <param index="1">
              <value>
                <![CDATA[45 Green Park Road]]>
              </value>
            </param>
            <param index="2">
              <value>
                <![CDATA[Hyderabad]]>
              </value>
            </param>
            <param index="3">
              <value>
                <![CDATA[Telangana]]>
              </value>
            </param>
            <param index="4">
              <value>
                <![CDATA[500081]]>
              </value>
            </param>
            <param index="5">
              <value>
                <![CDATA[4539578763621486]]>
              </value>
            </param>
            <param index="6">
              <value>
                <![CDATA[Vinaya]]>
              </value>
            </param>
          </params>
          <reporter-output>
          </reporter-output>
        </test-method> <!-- bookFlightExcel -->
        <test-method is-config="true" signature="tearDown()[pri:0, instance:tests.FlightBookingTest@bc57b40]" started-at="2026-03-17T09:30:55 IST" name="tearDown" finished-at="2026-03-17T09:30:56 IST" duration-ms="876" status="PASS">
          <reporter-output>
          </reporter-output>
        </test-method> <!-- tearDown -->
        <test-method is-config="true" signature="setup(java.lang.String)[pri:0, instance:tests.FlightBookingTest@bc57b40]" started-at="2026-03-17T09:30:56 IST" name="setup" finished-at="2026-03-17T09:31:02 IST" duration-ms="5867" status="PASS">
          <params>
            <param index="0">
              <value>
                <![CDATA[firefox]]>
              </value>
            </param>
          </params>
          <reporter-output>
          </reporter-output>
        </test-method> <!-- setup -->
        <test-method signature="bookFlightCSV(java.lang.String,java.lang.String,java.lang.String,java.lang.String,java.lang.String,java.lang.String,java.lang.String)[pri:2, instance:tests.FlightBookingTest@bc57b40]" started-at="2026-03-17T09:31:02 IST" name="bookFlightCSV" data-provider="csvData" finished-at="2026-03-17T09:31:14 IST" duration-ms="11411" status="PASS">
          <params>
            <param index="0">
              <value>
                <![CDATA[Ananya Sharma]]>
              </value>
            </param>
            <param index="1">
              <value>
                <![CDATA[102 Lake View Street]]>
              </value>
            </param>
            <param index="2">
              <value>
                <![CDATA[Bangalore]]>
              </value>
            </param>
            <param index="3">
              <value>
                <![CDATA[Karnataka]]>
              </value>
            </param>
            <param index="4">
              <value>
                <![CDATA[560034]]>
              </value>
            </param>
            <param index="5">
              <value>
                <![CDATA[4716347184862961]]>
              </value>
            </param>
            <param index="6">
              <value>
                <![CDATA[Ananya]]>
              </value>
            </param>
          </params>
          <reporter-output>
          </reporter-output>
        </test-method> <!-- bookFlightCSV -->
        <test-method is-config="true" signature="tearDown()[pri:0, instance:tests.FlightBookingTest@bc57b40]" started-at="2026-03-17T09:31:14 IST" name="tearDown" finished-at="2026-03-17T09:31:14 IST" duration-ms="873" status="PASS">
          <reporter-output>
          </reporter-output>
        </test-method> <!-- tearDown -->
        <test-method is-config="true" signature="setup(java.lang.String)[pri:0, instance:tests.FlightBookingTest@bc57b40]" started-at="2026-03-17T09:31:14 IST" name="setup" finished-at="2026-03-17T09:31:20 IST" duration-ms="5803" status="PASS">
          <params>
            <param index="0">
              <value>
                <![CDATA[firefox]]>
              </value>
            </param>
          </params>
          <reporter-output>
          </reporter-output>
        </test-method> <!-- setup -->
        <test-method signature="bookFlightDB(java.lang.String,java.lang.String,java.lang.String,java.lang.String,java.lang.String,java.lang.String,java.lang.String)[pri:3, instance:tests.FlightBookingTest@bc57b40]" started-at="2026-03-17T09:31:20 IST" name="bookFlightDB" data-provider="dbData" finished-at="2026-03-17T09:31:32 IST" duration-ms="11489" status="PASS">
          <params>
            <param index="0">
              <value>
                <![CDATA[Rahul]]>
              </value>
            </param>
            <param index="1">
              <value>
                <![CDATA[78 Jubilee Hills Road]]>
              </value>
            </param>
            <param index="2">
              <value>
                <![CDATA[Hyderabad]]>
              </value>
            </param>
            <param index="3">
              <value>
                <![CDATA[Telangana]]>
              </value>
            </param>
            <param index="4">
              <value>
                <![CDATA[500033]]>
              </value>
            </param>
            <param index="5">
              <value>
                <![CDATA[4485275742308327]]>
              </value>
            </param>
            <param index="6">
              <value>
                <![CDATA[Rahul]]>
              </value>
            </param>
          </params>
          <reporter-output>
          </reporter-output>
        </test-method> <!-- bookFlightDB -->
        <test-method is-config="true" signature="tearDown()[pri:0, instance:tests.FlightBookingTest@bc57b40]" started-at="2026-03-17T09:31:32 IST" name="tearDown" finished-at="2026-03-17T09:31:33 IST" duration-ms="890" status="PASS">
          <reporter-output>
          </reporter-output>
        </test-method> <!-- tearDown -->
        <test-method is-config="true" signature="flushReport()[pri:0, instance:tests.FlightBookingTest@bc57b40]" started-at="2026-03-17T09:31:33 IST" name="flushReport" finished-at="2026-03-17T09:31:33 IST" duration-ms="236" status="PASS">
          <reporter-output>
          </reporter-output>
        </test-method> <!-- flushReport -->
      </class> <!-- tests.FlightBookingTest -->
    </test> <!-- FirefoxTest -->
  </suite> <!-- CrossBrowserSuite -->
</testng-results>
