<?xml version="1.0" encoding="UTF-8"?>
<!-- Generated by org.testng.reporters.JUnitReportReporter -->
<testsuite hostname="DESKTOP-7BULRO4" failures="0" tests="10" name="tests.FlightBookingTest" time="251.112" errors="0" timestamp="2026-03-10T11:41:44 IST" skipped="1">
  <testcase classname="tests.FlightBookingTest" name="bookFlightTest" time="97.425">
    <skipped/>
  </testcase> <!-- bookFlightTest -->
  <testcase classname="tests.FlightBookingTest" name="bookFlightTest" time="15.620"/>
  <testcase classname="tests.FlightBookingTest" name="bookFlightTest" time="15.690"/>
  <testcase classname="tests.FlightBookingTest" name="bookFlightTest" time="13.557"/>
  <testcase classname="tests.FlightBookingTest" name="bookFlightTest" time="13.866"/>
  <testcase classname="tests.FlightBookingTest" name="bookFlightTest" time="24.367"/>
  <testcase classname="tests.FlightBookingTest" name="bookFlightTest" time="23.578"/>
  <testcase classname="tests.FlightBookingTest" name="bookFlightTest" time="12.196"/>
  <testcase classname="tests.FlightBookingTest" name="bookFlightTest" time="14.917"/>
  <testcase classname="tests.FlightBookingTest" name="bookFlightTest" time="19.896"/>
</testsuite> <!-- tests.FlightBookingTest -->
