<?xml version="1.0" encoding="UTF-8"?>
<!-- Generated by org.testng.reporters.JUnitReportReporter -->
<testsuite hostname="DESKTOP-7BULRO4" failures="0" tests="9" name="tests.FlightBookingTest" time="151.200" errors="0" timestamp="2026-03-17T09:31:33 IST" skipped="0">
  <testcase classname="tests.FlightBookingTest" name="bookFlightExcel" time="15.377"/>
  <testcase classname="tests.FlightBookingTest" name="bookFlightExcel" time="19.869"/>
  <testcase classname="tests.FlightBookingTest" name="bookFlightExcel" time="15.153"/>
  <testcase classname="tests.FlightBookingTest" name="bookFlightCSV" time="14.853"/>
  <testcase classname="tests.FlightBookingTest" name="bookFlightCSV" time="15.454"/>
  <testcase classname="tests.FlightBookingTest" name="bookFlightCSV" time="18.090"/>
  <testcase classname="tests.FlightBookingTest" name="bookFlightDB" time="16.306"/>
  <testcase classname="tests.FlightBookingTest" name="bookFlightDB" time="18.246"/>
  <testcase classname="tests.FlightBookingTest" name="bookFlightDB" time="17.852"/>
</testsuite> <!-- tests.FlightBookingTest -->
