<?xml version="1.0" encoding="UTF-8"?>
<!-- Generated by org.testng.reporters.JUnitXMLReporter -->
<testsuite ignored="0" hostname="DESKTOP-7BULRO4" failures="0" tests="3" name="ChromeTest" time="52.255" errors="0" timestamp="2026-03-10T10:34:13 IST">
  <testcase classname="tests.FlightBookingTest" name="bookFlightTest" time="11.385"/>
  <testcase classname="tests.FlightBookingTest" name="bookFlightTest" time="12.179"/>
  <testcase classname="tests.FlightBookingTest" name="bookFlightTest" time="11.394"/>
</testsuite> <!-- ChromeTest -->
