<?xml version="1.0" encoding="UTF-8"?>
<!-- Generated by org.testng.reporters.JUnitXMLReporter -->
<testsuite ignored="0" hostname="DESKTOP-7BULRO4" failures="0" tests="3" name="ChromeTest" time="45.323" errors="0" timestamp="2026-03-15T19:01:14 IST">
  <testcase classname="tests.FlightBookingTest" name="bookFlightExcel" time="12.082"/>
  <testcase classname="tests.FlightBookingTest" name="bookFlightCSV" time="11.455"/>
  <testcase classname="tests.FlightBookingTest" name="bookFlightDB" time="11.377"/>
</testsuite> <!-- ChromeTest -->
