<?xml version="1.0" encoding="UTF-8"?>
<!-- Generated by org.testng.reporters.JUnitXMLReporter -->
<testsuite ignored="0" hostname="DESKTOP-7BULRO4" failures="0" tests="3" name="EdgeTest" time="40.837" errors="0" timestamp="2026-03-09T18:28:27 IST">
  <testcase classname="tests.FlightBookingTest" name="bookFlightTest" time="10.787"/>
  <testcase classname="tests.FlightBookingTest" name="bookFlightTest" time="9.678"/>
  <testcase classname="tests.FlightBookingTest" name="bookFlightTest" time="10.054"/>
</testsuite> <!-- EdgeTest -->
