<?xml version="1.0" encoding="UTF-8"?>
<!-- Generated by org.testng.reporters.JUnitXMLReporter -->
<testsuite ignored="0" hostname="DESKTOP-7BULRO4" failures="0" tests="3" name="EdgeTest" time="42.319" errors="0" timestamp="2026-03-09T17:33:09 IST">
  <testcase classname="tests.FlightBookingTest" name="bookFlightTest" time="11.004"/>
  <testcase classname="tests.FlightBookingTest" name="bookFlightTest" time="10.164"/>
  <testcase classname="tests.FlightBookingTest" name="bookFlightTest" time="10.207"/>
</testsuite> <!-- EdgeTest -->
