<?xml version="1.0" encoding="UTF-8"?>
<!-- Generated by org.testng.reporters.JUnitXMLReporter -->
<testsuite ignored="0" hostname="DESKTOP-7BULRO4" failures="0" tests="3" name="FirefoxTest" time="51.409" errors="0" timestamp="2026-03-12T14:42:15 IST">
  <testcase classname="tests.FlightBookingTest" name="bookFlightTest" time="9.051"/>
  <testcase classname="tests.FlightBookingTest" name="bookFlightTest" time="9.101"/>
  <testcase classname="tests.FlightBookingTest" name="bookFlightTest" time="8.476"/>
</testsuite> <!-- FirefoxTest -->
