<?xml version="1.0" encoding="UTF-8"?>
<!-- Generated by org.testng.reporters.JUnitXMLReporter -->
<testsuite ignored="0" hostname="DESKTOP-7BULRO4" failures="0" tests="3" name="FirefoxTest" time="71.312" errors="0" timestamp="2026-03-16T10:19:51 IST">
  <testcase classname="tests.FlightBookingTest" name="bookFlightExcel" time="12.017"/>
  <testcase classname="tests.FlightBookingTest" name="bookFlightCSV" time="11.607"/>
  <testcase classname="tests.FlightBookingTest" name="bookFlightDB" time="15.463"/>
</testsuite> <!-- FirefoxTest -->
