<?xml version="1.0" encoding="UTF-8"?>
<!-- Generated by org.testng.reporters.JUnitReportReporter -->
<testsuite hostname="DESKTOP-7BULRO4" failures="0" tests="3" name="tests.FlightBookingTest" time="60.141" errors="0" timestamp="2026-03-15T17:46:42 IST" skipped="0">
  <testcase classname="tests.FlightBookingTest" name="bookFlightExcel" time="24.195"/>
  <testcase classname="tests.FlightBookingTest" name="bookFlightCSV" time="18.124"/>
  <testcase classname="tests.FlightBookingTest" name="bookFlightDB" time="17.822"/>
</testsuite> <!-- tests.FlightBookingTest -->
